Replace Part C1 CAP in C:\Users\Rodrigo\Documents\rmelo19-altium\PROJECTS\AdapterXMEGAS\programmer.SchDoc with CAP from rmelo19-library.IntLib
Replace Part C3 CAP in C:\Users\Rodrigo\Documents\rmelo19-altium\PROJECTS\AdapterXMEGAS\programmer.SchDoc with CAP from rmelo19-library.IntLib
Replace Part C4 CAP in C:\Users\Rodrigo\Documents\rmelo19-altium\PROJECTS\AdapterXMEGAS\programmer.SchDoc with CAP from rmelo19-library.IntLib
Replace Part D1 MMSZ4685T1G in C:\Users\Rodrigo\Documents\rmelo19-altium\PROJECTS\AdapterXMEGAS\programmer.SchDoc with MMSZ4685T1G from ON Semi Zener Diodes.IntLib
Replace Part D2 MMSZ4685T1G in C:\Users\Rodrigo\Documents\rmelo19-altium\PROJECTS\AdapterXMEGAS\programmer.SchDoc with MMSZ4685T1G from ON Semi Zener Diodes.IntLib
Replace Part GREEN LED3 in C:\Users\Rodrigo\Documents\rmelo19-altium\PROJECTS\AdapterXMEGAS\programmer.SchDoc with LED3 from Miscellaneous Devices.IntLib
Replace Part L1 AZ1117CH in C:\Users\Rodrigo\Documents\rmelo19-altium\PROJECTS\AdapterXMEGAS\programmer.SchDoc with AZ1117CH from rmelo19-library.IntLib
Replace Part M1 uUSB_I in C:\Users\Rodrigo\Documents\rmelo19-altium\PROJECTS\AdapterXMEGAS\programmer.SchDoc with uUSB_I from rmelo19-library.IntLib
Replace Part P1 Header 3X2 in C:\Users\Rodrigo\Documents\rmelo19-altium\PROJECTS\AdapterXMEGAS\programmer.SchDoc with Header 3X2 from Miscellaneous Connectors.IntLib
Replace Part P2 Header 5X2 in C:\Users\Rodrigo\Documents\rmelo19-altium\PROJECTS\AdapterXMEGAS\programmer.SchDoc with Header 5X2 from Miscellaneous Connectors.IntLib
Replace Part P3 Header 3X2 in C:\Users\Rodrigo\Documents\rmelo19-altium\PROJECTS\AdapterXMEGAS\programmer.SchDoc with Header 3X2 from Miscellaneous Connectors.IntLib
Replace Part POWER TOGGLE SWITCH in C:\Users\Rodrigo\Documents\rmelo19-altium\PROJECTS\AdapterXMEGAS\programmer.SchDoc with TOGGLE SWITCH from rmelo19-library.IntLib
Replace Part POWER TARGET TOGGLE SWITCH in C:\Users\Rodrigo\Documents\rmelo19-altium\PROJECTS\AdapterXMEGAS\programmer.SchDoc with TOGGLE SWITCH from rmelo19-library.IntLib
Replace Part Q1 XTAL in C:\Users\Rodrigo\Documents\rmelo19-altium\PROJECTS\AdapterXMEGAS\programmer.SchDoc with XTAL from rmelo19-library.IntLib
Replace Part R1 RES in C:\Users\Rodrigo\Documents\rmelo19-altium\PROJECTS\AdapterXMEGAS\programmer.SchDoc with RES from rmelo19-library.IntLib
Replace Part R2 RES in C:\Users\Rodrigo\Documents\rmelo19-altium\PROJECTS\AdapterXMEGAS\programmer.SchDoc with RES from rmelo19-library.IntLib
Replace Part R3 RES in C:\Users\Rodrigo\Documents\rmelo19-altium\PROJECTS\AdapterXMEGAS\programmer.SchDoc with RES from rmelo19-library.IntLib
Replace Part R4 RES in C:\Users\Rodrigo\Documents\rmelo19-altium\PROJECTS\AdapterXMEGAS\programmer.SchDoc with RES from rmelo19-library.IntLib
Replace Part R5 RES in C:\Users\Rodrigo\Documents\rmelo19-altium\PROJECTS\AdapterXMEGAS\programmer.SchDoc with RES from rmelo19-library.IntLib
Replace Part R6 RES in C:\Users\Rodrigo\Documents\rmelo19-altium\PROJECTS\AdapterXMEGAS\programmer.SchDoc with RES from rmelo19-library.IntLib
Replace Part R7 RES in C:\Users\Rodrigo\Documents\rmelo19-altium\PROJECTS\AdapterXMEGAS\programmer.SchDoc with RES from rmelo19-library.IntLib
Replace Part R8 RES in C:\Users\Rodrigo\Documents\rmelo19-altium\PROJECTS\AdapterXMEGAS\programmer.SchDoc with RES from rmelo19-library.IntLib
Replace Part R9 RES in C:\Users\Rodrigo\Documents\rmelo19-altium\PROJECTS\AdapterXMEGAS\programmer.SchDoc with RES from rmelo19-library.IntLib
Replace Part R10 RES in C:\Users\Rodrigo\Documents\rmelo19-altium\PROJECTS\AdapterXMEGAS\programmer.SchDoc with RES from rmelo19-library.IntLib
Replace Part R11 RES in C:\Users\Rodrigo\Documents\rmelo19-altium\PROJECTS\AdapterXMEGAS\programmer.SchDoc with RES from rmelo19-library.IntLib
Replace Part R12 RES in C:\Users\Rodrigo\Documents\rmelo19-altium\PROJECTS\AdapterXMEGAS\programmer.SchDoc with RES from rmelo19-library.IntLib
Replace Part RED LED3 in C:\Users\Rodrigo\Documents\rmelo19-altium\PROJECTS\AdapterXMEGAS\programmer.SchDoc with LED3 from Miscellaneous Devices.IntLib
Replace Part SELF PROGRAMMING TOGGLE SWITCH in C:\Users\Rodrigo\Documents\rmelo19-altium\PROJECTS\AdapterXMEGAS\programmer.SchDoc with TOGGLE SWITCH from rmelo19-library.IntLib
Replace Part SLOW SCK TOGGLE SWITCH in C:\Users\Rodrigo\Documents\rmelo19-altium\PROJECTS\AdapterXMEGAS\programmer.SchDoc with TOGGLE SWITCH from rmelo19-library.IntLib
Replace Part U1 ATmega8-16AI in C:\Users\Rodrigo\Documents\rmelo19-altium\PROJECTS\AdapterXMEGAS\programmer.SchDoc with ATmega8-16AI from Atmel Microcontroller 8-Bit AVR.IntLib
