Replace Part C1 C-EUC0402 in C:\Users\Paul\Documents\rmelo19-altium\board\Imported board.PrjPcb\board.SchDoc with C-EUC0402 from board.SCHLIB
Replace Part C2 C-EUC0402 in C:\Users\Paul\Documents\rmelo19-altium\board\Imported board.PrjPcb\board.SchDoc with C-EUC0402 from board.SCHLIB
Replace Part C3 C-EUC0402 in C:\Users\Paul\Documents\rmelo19-altium\board\Imported board.PrjPcb\board.SchDoc with C-EUC0402 from board.SCHLIB
Replace Part C4 C-EUC0402 in C:\Users\Paul\Documents\rmelo19-altium\board\Imported board.PrjPcb\board.SchDoc with C-EUC0402 from board.SCHLIB
Replace Part C5 C-EUC0402 in C:\Users\Paul\Documents\rmelo19-altium\board\Imported board.PrjPcb\board.SchDoc with C-EUC0402 from board.SCHLIB
Replace Part C6 C-EUC0402 in C:\Users\Paul\Documents\rmelo19-altium\board\Imported board.PrjPcb\board.SchDoc with C-EUC0402 from board.SCHLIB
Replace Part C7 C-EUC0402 in C:\Users\Paul\Documents\rmelo19-altium\board\Imported board.PrjPcb\board.SchDoc with C-EUC0402 from board.SCHLIB
Replace Part C8 C-EUC0402 in C:\Users\Paul\Documents\rmelo19-altium\board\Imported board.PrjPcb\board.SchDoc with C-EUC0402 from board.SCHLIB
Replace Part C9 C-EUC0402 in C:\Users\Paul\Documents\rmelo19-altium\board\Imported board.PrjPcb\board.SchDoc with C-EUC0402 from board.SCHLIB
Replace Part C10 C-EUC0402 in C:\Users\Paul\Documents\rmelo19-altium\board\Imported board.PrjPcb\board.SchDoc with C-EUC0402 from board.SCHLIB
Replace Part C11 C-EUC0402 in C:\Users\Paul\Documents\rmelo19-altium\board\Imported board.PrjPcb\board.SchDoc with C-EUC0402 from board.SCHLIB
Replace Part C12 C-EUC0402 in C:\Users\Paul\Documents\rmelo19-altium\board\Imported board.PrjPcb\board.SchDoc with C-EUC0402 from board.SCHLIB
Replace Part C13 C-EUC0402 in C:\Users\Paul\Documents\rmelo19-altium\board\Imported board.PrjPcb\board.SchDoc with C-EUC0402 from board.SCHLIB
Replace Part C14 C-EUC0402 in C:\Users\Paul\Documents\rmelo19-altium\board\Imported board.PrjPcb\board.SchDoc with C-EUC0402 from board.SCHLIB
Replace Part IC1 MPL115A2 in C:\Users\Paul\Documents\rmelo19-altium\board\Imported board.PrjPcb\board.SchDoc with MPL115A2 from board.SCHLIB
Replace Part IC2 MPL115A2 in C:\Users\Paul\Documents\rmelo19-altium\board\Imported board.PrjPcb\board.SchDoc with MPL115A2 from board.SCHLIB
Replace Part IC3 MPL115A2 in C:\Users\Paul\Documents\rmelo19-altium\board\Imported board.PrjPcb\board.SchDoc with MPL115A2 from board.SCHLIB
Replace Part IC4 MPL115A2 in C:\Users\Paul\Documents\rmelo19-altium\board\Imported board.PrjPcb\board.SchDoc with MPL115A2 from board.SCHLIB
Replace Part IC5 MPL115A2 in C:\Users\Paul\Documents\rmelo19-altium\board\Imported board.PrjPcb\board.SchDoc with MPL115A2 from board.SCHLIB
Replace Part IC6 MPL115A2 in C:\Users\Paul\Documents\rmelo19-altium\board\Imported board.PrjPcb\board.SchDoc with MPL115A2 from board.SCHLIB
Replace Part IC7 MPL115A2 in C:\Users\Paul\Documents\rmelo19-altium\board\Imported board.PrjPcb\board.SchDoc with MPL115A2 from board.SCHLIB
Replace Part IC8 MPL115A2 in C:\Users\Paul\Documents\rmelo19-altium\board\Imported board.PrjPcb\board.SchDoc with MPL115A2 from board.SCHLIB
Replace Part IC9 MPL115A2 in C:\Users\Paul\Documents\rmelo19-altium\board\Imported board.PrjPcb\board.SchDoc with MPL115A2 from board.SCHLIB
Replace Part IC10 MPL115A2 in C:\Users\Paul\Documents\rmelo19-altium\board\Imported board.PrjPcb\board.SchDoc with MPL115A2 from board.SCHLIB
Replace Part IC11 MPL115A2 in C:\Users\Paul\Documents\rmelo19-altium\board\Imported board.PrjPcb\board.SchDoc with MPL115A2 from board.SCHLIB
Replace Part IC12 MPL115A2 in C:\Users\Paul\Documents\rmelo19-altium\board\Imported board.PrjPcb\board.SchDoc with MPL115A2 from board.SCHLIB
Replace Part J1 CON4THR127 in C:\Users\Paul\Documents\rmelo19-altium\board\Imported board.PrjPcb\board.SchDoc with CON4THR127 from rmelo19-library.IntLib
Replace Part J2 CON4THR127 in C:\Users\Paul\Documents\rmelo19-altium\board\Imported board.PrjPcb\board.SchDoc with CON4THR127 from rmelo19-library.IntLib
Replace Part LED LEDSML0603 in C:\Users\Paul\Documents\rmelo19-altium\board\Imported board.PrjPcb\board.SchDoc with LEDSML0603 from board.SCHLIB
Replace Part PTN PTN4H in C:\Users\Paul\Documents\rmelo19-altium\board\Imported board.PrjPcb\board.SchDoc with PTN4H from rmelo19-library.IntLib
Replace Part R1 R-US_R0402 in C:\Users\Paul\Documents\rmelo19-altium\board\Imported board.PrjPcb\board.SchDoc with R-US_R0402 from board.SCHLIB
Replace Part U1 ATTINY24A-MU in C:\Users\Paul\Documents\rmelo19-altium\board\Imported board.PrjPcb\board.SchDoc with ATTINY24A-MU from board.SCHLIB
Replace Part U2 ATTINY24A-MU in C:\Users\Paul\Documents\rmelo19-altium\board\Imported board.PrjPcb\board.SchDoc with ATTINY24A-MU from board.SCHLIB
